  Game.cpp
D:\py project\tetris_ecs\tetris_ecs\Game.cpp(88,18): warning C4267: 'initializing': conversion from 'size_t' to 'int', possible loss of data
D:\py project\tetris_ecs\tetris_ecs\Game.cpp(185,12): warning C4244: 'initializing': conversion from 'double' to 'float', possible loss of data
D:\py project\tetris_ecs\tetris_ecs\Game.cpp(186,12): warning C4244: 'initializing': conversion from 'double' to 'float', possible loss of data
D:\py project\tetris_ecs\tetris_ecs\Game.cpp(187,13): warning C4244: 'initializing': conversion from 'int' to 'float', possible loss of data
D:\py project\tetris_ecs\tetris_ecs\Game.cpp(188,13): warning C4244: 'initializing': conversion from 'int' to 'float', possible loss of data
D:\py project\tetris_ecs\tetris_ecs\Game.cpp(239,13): warning C4244: 'initializing': conversion from 'double' to 'float', possible loss of data
D:\py project\tetris_ecs\tetris_ecs\Game.cpp(240,13): warning C4244: 'initializing': conversion from 'double' to 'float', possible loss of data
D:\py project\tetris_ecs\tetris_ecs\Game.cpp(241,14): warning C4244: 'initializing': conversion from 'int' to 'float', possible loss of data
D:\py project\tetris_ecs\tetris_ecs\Game.cpp(242,14): warning C4244: 'initializing': conversion from 'int' to 'float', possible loss of data
D:\py project\tetris_ecs\tetris_ecs\Game.cpp(251,73): warning C4244: 'argument': conversion from 'int' to 'T', possible loss of data
D:\py project\tetris_ecs\tetris_ecs\Game.cpp(251,73): warning C4244:         with
D:\py project\tetris_ecs\tetris_ecs\Game.cpp(251,73): warning C4244:         [
D:\py project\tetris_ecs\tetris_ecs\Game.cpp(251,73): warning C4244:             T=float
D:\py project\tetris_ecs\tetris_ecs\Game.cpp(251,73): warning C4244:         ]
D:\py project\tetris_ecs\tetris_ecs\Game.cpp(251,54): warning C4244: 'argument': conversion from 'int' to 'T', possible loss of data
D:\py project\tetris_ecs\tetris_ecs\Game.cpp(251,54): warning C4244:         with
D:\py project\tetris_ecs\tetris_ecs\Game.cpp(251,54): warning C4244:         [
D:\py project\tetris_ecs\tetris_ecs\Game.cpp(251,54): warning C4244:             T=float
D:\py project\tetris_ecs\tetris_ecs\Game.cpp(251,54): warning C4244:         ]
D:\py project\tetris_ecs\tetris_ecs\Game.cpp(407,13): warning C4267: 'initializing': conversion from 'size_t' to 'int', possible loss of data
  main.cpp
D:\py project\tetris_ecs\tetris_ecs\main.cpp(6,12): warning C4244: 'argument': conversion from 'time_t' to 'unsigned int', possible loss of data
  Generating Code...
  tetris_ecs.vcxproj -> D:\py project\tetris_ecs\tetris_ecs\x64\Debug\tetris_ecs.exe
